This file contains any messages produced by compilers while
running configure, to aid debugging if configure makes a mistake.

It was created by configure, which was
generated by GNU Autoconf 2.69.  Invocation command line was

  $ ./configure --disable-option-checking --cache-file=/dev/null --srcdir=/Users/johnmelody_mynapse/Downloads/otp_src_22.3/lib/odbc

## --------- ##
## Platform. ##
## --------- ##

hostname = Johns-Mac-mini.mynapse.lan
uname -m = x86_64
uname -r = 19.4.0
uname -s = Darwin
uname -v = Darwin Kernel Version 19.4.0: Wed Mar  4 22:28:40 PST 2020; root:xnu-6153.101.6~15/RELEASE_X86_64

/usr/bin/uname -p = i386
/bin/uname -X     = unknown

/bin/arch              = unknown
/usr/bin/arch -k       = unknown
/usr/convex/getsysinfo = unknown
/usr/bin/hostinfo      = Mach kernel version:
	 Darwin Kernel Version 19.4.0: Wed Mar  4 22:28:40 PST 2020; root:xnu-6153.101.6~15/RELEASE_X86_64
Kernel configured for up to 6 processors.
6 processors are physically available.
6 processors are logically available.
Processor type: x86_64h (Intel x86-64h Haswell)
Processors active: 0 1 2 3 4 5
Primary memory available: 16.00 gigabytes
Default processor set: 664 tasks, 3204 threads, 6 processors
Load average: 10.55, Mach factor: 1.13
/bin/machine           = unknown
/usr/bin/oslevel       = unknown
/bin/universe          = unknown

PATH: /Library/Frameworks/Python.framework/Versions/3.8/bin
PATH: /usr/local/bin
PATH: /usr/bin
PATH: /bin
PATH: /usr/sbin
PATH: /sbin
PATH: /Library/TeX/texbin
PATH: /Library/Apple/usr/bin
PATH: /Users/johnmelody_mynapse/flutter/bin
PATH: /Users/johnmelody_mynapse/adb


## ----------- ##
## Core tests. ##
## ----------- ##

configure:2483: checking build system type
configure:2497: result: x86_64-apple-darwin19.4.0
configure:2517: checking host system type
configure:2530: result: x86_64-apple-darwin19.4.0
configure:2626: checking for gcc
configure:2642: found /usr/bin/gcc
configure:2653: result: gcc
configure:2882: checking for C compiler version
configure:2891: gcc --version >&5
Apple clang version 11.0.3 (clang-1103.0.32.62)
Target: x86_64-apple-darwin19.4.0
Thread model: posix
InstalledDir: /Applications/Xcode.app/Contents/Developer/Toolchains/XcodeDefault.xctoolchain/usr/bin
Configured with: --prefix=/Applications/Xcode.app/Contents/Developer/usr --with-gxx-include-dir=/Applications/Xcode.app/Contents/Developer/Platforms/MacOSX.platform/Developer/SDKs/MacOSX.sdk/usr/include/c++/4.2.1
configure:2902: $? = 0
configure:2891: gcc -v >&5
Configured with: --prefix=/Applications/Xcode.app/Contents/Developer/usr --with-gxx-include-dir=/Applications/Xcode.app/Contents/Developer/Platforms/MacOSX.platform/Developer/SDKs/MacOSX.sdk/usr/include/c++/4.2.1
Apple clang version 11.0.3 (clang-1103.0.32.62)
Target: x86_64-apple-darwin19.4.0
Thread model: posix
InstalledDir: /Applications/Xcode.app/Contents/Developer/Toolchains/XcodeDefault.xctoolchain/usr/bin
configure:2902: $? = 0
configure:2891: gcc -V >&5
clang: error: unsupported option '-V -Wno-objc-signed-char-bool-implicit-int-conversion'
clang: error: no input files
configure:2902: $? = 1
configure:2891: gcc -qversion >&5
clang: error: unknown argument '-qversion'; did you mean '--version'?
clang: error: no input files
configure:2902: $? = 1
configure:2922: checking whether the C compiler works
configure:2944: gcc    conftest.c  >&5
configure:2948: $? = 0
configure:2996: result: yes
configure:2999: checking for C compiler default output file name
configure:3001: result: a.out
configure:3007: checking for suffix of executables
configure:3014: gcc -o conftest    conftest.c  >&5
configure:3018: $? = 0
configure:3040: result: 
configure:3062: checking whether we are cross compiling
configure:3070: gcc -o conftest    conftest.c  >&5
configure:3074: $? = 0
configure:3081: ./conftest
configure:3085: $? = 0
configure:3100: result: no
configure:3105: checking for suffix of object files
configure:3127: gcc -c   conftest.c >&5
configure:3131: $? = 0
configure:3152: result: o
configure:3156: checking whether we are using the GNU C compiler
configure:3175: gcc -c   conftest.c >&5
configure:3175: $? = 0
configure:3184: result: yes
configure:3193: checking whether gcc accepts -g
configure:3213: gcc -c -g  conftest.c >&5
configure:3213: $? = 0
configure:3254: result: yes
configure:3271: checking for gcc option to accept ISO C89
configure:3334: gcc  -c -g -O2  conftest.c >&5
configure:3334: $? = 0
configure:3347: result: none needed
configure:3375: checking for mixed cygwin or msys and native VC++ environment
configure:3398: result: no
configure:3414: checking for mixed cygwin and native MinGW environment
configure:3430: result: no
configure:3439: checking if we mix cygwin with any native compiler
configure:3445: result: no
configure:3451: checking if we mix msys with another native compiler
configure:3457: result: no
configure:3466: checking whether make sets $(MAKE)
configure:3488: result: yes
configure:3502: checking for ld.sh
configure:3532: result: no
configure:3583: checking for ld
configure:3599: found /usr/bin/ld
configure:3610: result: ld
configure:3639: checking for rm
configure:3657: found /bin/rm
configure:3670: result: /bin/rm
configure:3705: checking for connect
configure:3705: gcc -o conftest -g -O2   conftest.c  >&5
configure:3705: $? = 0
configure:3705: result: yes
configure:3767: checking for gethostbyname
configure:3767: gcc -o conftest -g -O2   conftest.c  >&5
configure:3767: $? = 0
configure:3767: result: yes
configure:3813: checking how to run the C preprocessor
configure:3844: gcc -E  conftest.c
configure:3844: $? = 0
configure:3858: gcc -E  conftest.c
conftest.c:9:10: fatal error: 'ac_nonexistent.h' file not found
#include <ac_nonexistent.h>
         ^~~~~~~~~~~~~~~~~~
1 error generated.
configure:3858: $? = 1
configure: failed program was:
| /* confdefs.h */
| #define PACKAGE_NAME ""
| #define PACKAGE_TARNAME ""
| #define PACKAGE_VERSION ""
| #define PACKAGE_STRING ""
| #define PACKAGE_BUGREPORT ""
| #define PACKAGE_URL ""
| /* end confdefs.h.  */
| #include <ac_nonexistent.h>
configure:3883: result: gcc -E
configure:3903: gcc -E  conftest.c
configure:3903: $? = 0
configure:3917: gcc -E  conftest.c
conftest.c:9:10: fatal error: 'ac_nonexistent.h' file not found
#include <ac_nonexistent.h>
         ^~~~~~~~~~~~~~~~~~
1 error generated.
configure:3917: $? = 1
configure: failed program was:
| /* confdefs.h */
| #define PACKAGE_NAME ""
| #define PACKAGE_TARNAME ""
| #define PACKAGE_VERSION ""
| #define PACKAGE_STRING ""
| #define PACKAGE_BUGREPORT ""
| #define PACKAGE_URL ""
| /* end confdefs.h.  */
| #include <ac_nonexistent.h>
configure:3946: checking for grep that handles long lines and -e
configure:4004: result: /usr/bin/grep
configure:4009: checking for egrep
configure:4071: result: /usr/bin/grep -E
configure:4076: checking for ANSI C header files
configure:4096: gcc -c -g -O2  conftest.c >&5
configure:4096: $? = 0
configure:4169: gcc -o conftest -g -O2   conftest.c  >&5
configure:4169: $? = 0
configure:4169: ./conftest
configure:4169: $? = 0
configure:4180: result: yes
configure:4193: checking for sys/types.h
configure:4193: gcc -c -g -O2  conftest.c >&5
configure:4193: $? = 0
configure:4193: result: yes
configure:4193: checking for sys/stat.h
configure:4193: gcc -c -g -O2  conftest.c >&5
configure:4193: $? = 0
configure:4193: result: yes
configure:4193: checking for stdlib.h
configure:4193: gcc -c -g -O2  conftest.c >&5
configure:4193: $? = 0
configure:4193: result: yes
configure:4193: checking for string.h
configure:4193: gcc -c -g -O2  conftest.c >&5
configure:4193: $? = 0
configure:4193: result: yes
configure:4193: checking for memory.h
configure:4193: gcc -c -g -O2  conftest.c >&5
configure:4193: $? = 0
configure:4193: result: yes
configure:4193: checking for strings.h
configure:4193: gcc -c -g -O2  conftest.c >&5
configure:4193: $? = 0
configure:4193: result: yes
configure:4193: checking for inttypes.h
configure:4193: gcc -c -g -O2  conftest.c >&5
configure:4193: $? = 0
configure:4193: result: yes
configure:4193: checking for stdint.h
configure:4193: gcc -c -g -O2  conftest.c >&5
configure:4193: $? = 0
configure:4193: result: yes
configure:4193: checking for unistd.h
configure:4193: gcc -c -g -O2  conftest.c >&5
configure:4193: $? = 0
configure:4193: result: yes
configure:4208: checking fcntl.h usability
configure:4208: gcc -c -g -O2  conftest.c >&5
configure:4208: $? = 0
configure:4208: result: yes
configure:4208: checking fcntl.h presence
configure:4208: gcc -E  conftest.c
configure:4208: $? = 0
configure:4208: result: yes
configure:4208: checking for fcntl.h
configure:4208: result: yes
configure:4208: checking netdb.h usability
configure:4208: gcc -c -g -O2  conftest.c >&5
configure:4208: $? = 0
configure:4208: result: yes
configure:4208: checking netdb.h presence
configure:4208: gcc -E  conftest.c
configure:4208: $? = 0
configure:4208: result: yes
configure:4208: checking for netdb.h
configure:4208: result: yes
configure:4208: checking for stdlib.h
configure:4208: result: yes
configure:4208: checking for string.h
configure:4208: result: yes
configure:4208: checking sys/socket.h usability
configure:4208: gcc -c -g -O2  conftest.c >&5
configure:4208: $? = 0
configure:4208: result: yes
configure:4208: checking sys/socket.h presence
configure:4208: gcc -E  conftest.c
configure:4208: $? = 0
configure:4208: result: yes
configure:4208: checking for sys/socket.h
configure:4208: result: yes
configure:4208: checking winsock2.h usability
configure:4208: gcc -c -g -O2  conftest.c >&5
conftest.c:57:10: fatal error: 'winsock2.h' file not found
#include <winsock2.h>
         ^~~~~~~~~~~~
1 error generated.
configure:4208: $? = 1
configure: failed program was:
| /* confdefs.h */
| #define PACKAGE_NAME ""
| #define PACKAGE_TARNAME ""
| #define PACKAGE_VERSION ""
| #define PACKAGE_STRING ""
| #define PACKAGE_BUGREPORT ""
| #define PACKAGE_URL ""
| #define STDC_HEADERS 1
| #define HAVE_SYS_TYPES_H 1
| #define HAVE_SYS_STAT_H 1
| #define HAVE_STDLIB_H 1
| #define HAVE_STRING_H 1
| #define HAVE_MEMORY_H 1
| #define HAVE_STRINGS_H 1
| #define HAVE_INTTYPES_H 1
| #define HAVE_STDINT_H 1
| #define HAVE_UNISTD_H 1
| #define HAVE_FCNTL_H 1
| #define HAVE_NETDB_H 1
| #define HAVE_STDLIB_H 1
| #define HAVE_STRING_H 1
| #define HAVE_SYS_SOCKET_H 1
| /* end confdefs.h.  */
| #include <stdio.h>
| #ifdef HAVE_SYS_TYPES_H
| # include <sys/types.h>
| #endif
| #ifdef HAVE_SYS_STAT_H
| # include <sys/stat.h>
| #endif
| #ifdef STDC_HEADERS
| # include <stdlib.h>
| # include <stddef.h>
| #else
| # ifdef HAVE_STDLIB_H
| #  include <stdlib.h>
| # endif
| #endif
| #ifdef HAVE_STRING_H
| # if !defined STDC_HEADERS && defined HAVE_MEMORY_H
| #  include <memory.h>
| # endif
| # include <string.h>
| #endif
| #ifdef HAVE_STRINGS_H
| # include <strings.h>
| #endif
| #ifdef HAVE_INTTYPES_H
| # include <inttypes.h>
| #endif
| #ifdef HAVE_STDINT_H
| # include <stdint.h>
| #endif
| #ifdef HAVE_UNISTD_H
| # include <unistd.h>
| #endif
| #include <winsock2.h>
configure:4208: result: no
configure:4208: checking winsock2.h presence
configure:4208: gcc -E  conftest.c
conftest.c:24:10: fatal error: 'winsock2.h' file not found
#include <winsock2.h>
         ^~~~~~~~~~~~
1 error generated.
configure:4208: $? = 1
configure: failed program was:
| /* confdefs.h */
| #define PACKAGE_NAME ""
| #define PACKAGE_TARNAME ""
| #define PACKAGE_VERSION ""
| #define PACKAGE_STRING ""
| #define PACKAGE_BUGREPORT ""
| #define PACKAGE_URL ""
| #define STDC_HEADERS 1
| #define HAVE_SYS_TYPES_H 1
| #define HAVE_SYS_STAT_H 1
| #define HAVE_STDLIB_H 1
| #define HAVE_STRING_H 1
| #define HAVE_MEMORY_H 1
| #define HAVE_STRINGS_H 1
| #define HAVE_INTTYPES_H 1
| #define HAVE_STDINT_H 1
| #define HAVE_UNISTD_H 1
| #define HAVE_FCNTL_H 1
| #define HAVE_NETDB_H 1
| #define HAVE_STDLIB_H 1
| #define HAVE_STRING_H 1
| #define HAVE_SYS_SOCKET_H 1
| /* end confdefs.h.  */
| #include <winsock2.h>
configure:4208: result: no
configure:4208: checking for winsock2.h
configure:4208: result: no
configure:4220: checking windows.h usability
configure:4220: gcc -c -g -O2  conftest.c >&5
conftest.c:57:10: fatal error: 'windows.h' file not found
#include <windows.h>
         ^~~~~~~~~~~
1 error generated.
configure:4220: $? = 1
configure: failed program was:
| /* confdefs.h */
| #define PACKAGE_NAME ""
| #define PACKAGE_TARNAME ""
| #define PACKAGE_VERSION ""
| #define PACKAGE_STRING ""
| #define PACKAGE_BUGREPORT ""
| #define PACKAGE_URL ""
| #define STDC_HEADERS 1
| #define HAVE_SYS_TYPES_H 1
| #define HAVE_SYS_STAT_H 1
| #define HAVE_STDLIB_H 1
| #define HAVE_STRING_H 1
| #define HAVE_MEMORY_H 1
| #define HAVE_STRINGS_H 1
| #define HAVE_INTTYPES_H 1
| #define HAVE_STDINT_H 1
| #define HAVE_UNISTD_H 1
| #define HAVE_FCNTL_H 1
| #define HAVE_NETDB_H 1
| #define HAVE_STDLIB_H 1
| #define HAVE_STRING_H 1
| #define HAVE_SYS_SOCKET_H 1
| /* end confdefs.h.  */
| #include <stdio.h>
| #ifdef HAVE_SYS_TYPES_H
| # include <sys/types.h>
| #endif
| #ifdef HAVE_SYS_STAT_H
| # include <sys/stat.h>
| #endif
| #ifdef STDC_HEADERS
| # include <stdlib.h>
| # include <stddef.h>
| #else
| # ifdef HAVE_STDLIB_H
| #  include <stdlib.h>
| # endif
| #endif
| #ifdef HAVE_STRING_H
| # if !defined STDC_HEADERS && defined HAVE_MEMORY_H
| #  include <memory.h>
| # endif
| # include <string.h>
| #endif
| #ifdef HAVE_STRINGS_H
| # include <strings.h>
| #endif
| #ifdef HAVE_INTTYPES_H
| # include <inttypes.h>
| #endif
| #ifdef HAVE_STDINT_H
| # include <stdint.h>
| #endif
| #ifdef HAVE_UNISTD_H
| # include <unistd.h>
| #endif
| #include <windows.h>
configure:4220: result: no
configure:4220: checking windows.h presence
configure:4220: gcc -E  conftest.c
conftest.c:24:10: fatal error: 'windows.h' file not found
#include <windows.h>
         ^~~~~~~~~~~
1 error generated.
configure:4220: $? = 1
configure: failed program was:
| /* confdefs.h */
| #define PACKAGE_NAME ""
| #define PACKAGE_TARNAME ""
| #define PACKAGE_VERSION ""
| #define PACKAGE_STRING ""
| #define PACKAGE_BUGREPORT ""
| #define PACKAGE_URL ""
| #define STDC_HEADERS 1
| #define HAVE_SYS_TYPES_H 1
| #define HAVE_SYS_STAT_H 1
| #define HAVE_STDLIB_H 1
| #define HAVE_STRING_H 1
| #define HAVE_MEMORY_H 1
| #define HAVE_STRINGS_H 1
| #define HAVE_INTTYPES_H 1
| #define HAVE_STDINT_H 1
| #define HAVE_UNISTD_H 1
| #define HAVE_FCNTL_H 1
| #define HAVE_NETDB_H 1
| #define HAVE_STDLIB_H 1
| #define HAVE_STRING_H 1
| #define HAVE_SYS_SOCKET_H 1
| /* end confdefs.h.  */
| #include <windows.h>
configure:4220: result: no
configure:4220: checking for windows.h
configure:4220: result: no
configure:4233: checking for sql.h
configure:4233: gcc -c -g -O2  conftest.c >&5
conftest.c:29:10: fatal error: 'sql.h' file not found
#include <sql.h>
         ^~~~~~~
1 error generated.
configure:4233: $? = 1
configure: failed program was:
| /* confdefs.h */
| #define PACKAGE_NAME ""
| #define PACKAGE_TARNAME ""
| #define PACKAGE_VERSION ""
| #define PACKAGE_STRING ""
| #define PACKAGE_BUGREPORT ""
| #define PACKAGE_URL ""
| #define STDC_HEADERS 1
| #define HAVE_SYS_TYPES_H 1
| #define HAVE_SYS_STAT_H 1
| #define HAVE_STDLIB_H 1
| #define HAVE_STRING_H 1
| #define HAVE_MEMORY_H 1
| #define HAVE_STRINGS_H 1
| #define HAVE_INTTYPES_H 1
| #define HAVE_STDINT_H 1
| #define HAVE_UNISTD_H 1
| #define HAVE_FCNTL_H 1
| #define HAVE_NETDB_H 1
| #define HAVE_STDLIB_H 1
| #define HAVE_STRING_H 1
| #define HAVE_SYS_SOCKET_H 1
| /* end confdefs.h.  */
| #ifdef HAVE_WINDOWS_H
|      # include <windows.h>
|      #endif
| 
| 
| #include <sql.h>
configure:4233: result: no
configure:4233: checking for sqlext.h
configure:4233: gcc -c -g -O2  conftest.c >&5
conftest.c:29:10: fatal error: 'sqlext.h' file not found
#include <sqlext.h>
         ^~~~~~~~~~
1 error generated.
configure:4233: $? = 1
configure: failed program was:
| /* confdefs.h */
| #define PACKAGE_NAME ""
| #define PACKAGE_TARNAME ""
| #define PACKAGE_VERSION ""
| #define PACKAGE_STRING ""
| #define PACKAGE_BUGREPORT ""
| #define PACKAGE_URL ""
| #define STDC_HEADERS 1
| #define HAVE_SYS_TYPES_H 1
| #define HAVE_SYS_STAT_H 1
| #define HAVE_STDLIB_H 1
| #define HAVE_STRING_H 1
| #define HAVE_MEMORY_H 1
| #define HAVE_STRINGS_H 1
| #define HAVE_INTTYPES_H 1
| #define HAVE_STDINT_H 1
| #define HAVE_UNISTD_H 1
| #define HAVE_FCNTL_H 1
| #define HAVE_NETDB_H 1
| #define HAVE_STDLIB_H 1
| #define HAVE_STRING_H 1
| #define HAVE_SYS_SOCKET_H 1
| /* end confdefs.h.  */
| #ifdef HAVE_WINDOWS_H
|      # include <windows.h>
|      #endif
| 
| 
| #include <sqlext.h>
configure:4233: result: no
configure:4250: checking for an ANSI C-conforming const
configure:4316: gcc -c -g -O2  conftest.c >&5
configure:4316: $? = 0
configure:4323: result: yes
configure:4331: checking for size_t
configure:4331: gcc -c -g -O2  conftest.c >&5
configure:4331: $? = 0
configure:4331: gcc -c -g -O2  conftest.c >&5
conftest.c:60:21: error: expected expression
if (sizeof ((size_t)))
                    ^
1 error generated.
configure:4331: $? = 1
configure: failed program was:
| /* confdefs.h */
| #define PACKAGE_NAME ""
| #define PACKAGE_TARNAME ""
| #define PACKAGE_VERSION ""
| #define PACKAGE_STRING ""
| #define PACKAGE_BUGREPORT ""
| #define PACKAGE_URL ""
| #define STDC_HEADERS 1
| #define HAVE_SYS_TYPES_H 1
| #define HAVE_SYS_STAT_H 1
| #define HAVE_STDLIB_H 1
| #define HAVE_STRING_H 1
| #define HAVE_MEMORY_H 1
| #define HAVE_STRINGS_H 1
| #define HAVE_INTTYPES_H 1
| #define HAVE_STDINT_H 1
| #define HAVE_UNISTD_H 1
| #define HAVE_FCNTL_H 1
| #define HAVE_NETDB_H 1
| #define HAVE_STDLIB_H 1
| #define HAVE_STRING_H 1
| #define HAVE_SYS_SOCKET_H 1
| /* end confdefs.h.  */
| #include <stdio.h>
| #ifdef HAVE_SYS_TYPES_H
| # include <sys/types.h>
| #endif
| #ifdef HAVE_SYS_STAT_H
| # include <sys/stat.h>
| #endif
| #ifdef STDC_HEADERS
| # include <stdlib.h>
| # include <stddef.h>
| #else
| # ifdef HAVE_STDLIB_H
| #  include <stdlib.h>
| # endif
| #endif
| #ifdef HAVE_STRING_H
| # if !defined STDC_HEADERS && defined HAVE_MEMORY_H
| #  include <memory.h>
| # endif
| # include <string.h>
| #endif
| #ifdef HAVE_STRINGS_H
| # include <strings.h>
| #endif
| #ifdef HAVE_INTTYPES_H
| # include <inttypes.h>
| #endif
| #ifdef HAVE_STDINT_H
| # include <stdint.h>
| #endif
| #ifdef HAVE_UNISTD_H
| # include <unistd.h>
| #endif
| int
| main ()
| {
| if (sizeof ((size_t)))
| 	    return 0;
|   ;
|   return 0;
| }
configure:4331: result: yes
configure:4342: checking for struct sockaddr_in6.sin6_addr
configure:4342: gcc -c -g -O2  conftest.c >&5
conftest.c:35:1: error: statement requires expression of scalar type ('struct in6_addr' invalid)
if (ac_aggr.sin6_addr)
^   ~~~~~~~~~~~~~~~~~
1 error generated.
configure:4342: $? = 1
configure: failed program was:
| /* confdefs.h */
| #define PACKAGE_NAME ""
| #define PACKAGE_TARNAME ""
| #define PACKAGE_VERSION ""
| #define PACKAGE_STRING ""
| #define PACKAGE_BUGREPORT ""
| #define PACKAGE_URL ""
| #define STDC_HEADERS 1
| #define HAVE_SYS_TYPES_H 1
| #define HAVE_SYS_STAT_H 1
| #define HAVE_STDLIB_H 1
| #define HAVE_STRING_H 1
| #define HAVE_MEMORY_H 1
| #define HAVE_STRINGS_H 1
| #define HAVE_INTTYPES_H 1
| #define HAVE_STDINT_H 1
| #define HAVE_UNISTD_H 1
| #define HAVE_FCNTL_H 1
| #define HAVE_NETDB_H 1
| #define HAVE_STDLIB_H 1
| #define HAVE_STRING_H 1
| #define HAVE_SYS_SOCKET_H 1
| /* end confdefs.h.  */
| #if HAVE_WINSOCK2_H
| 			  #include <winsock2.h>
| 			  #include <ws2tcpip.h>
| 			  #else
| 			  #include <netinet/in.h>
| 			  #endif
| 
| int
| main ()
| {
| static struct sockaddr_in6 ac_aggr;
| if (ac_aggr.sin6_addr)
| return 0;
|   ;
|   return 0;
| }
configure:4342: gcc -c -g -O2  conftest.c >&5
configure:4342: $? = 0
configure:4342: result: yes
configure:4362: checking for memset
configure:4362: gcc -o conftest -g -O2   conftest.c  >&5
conftest.c:48:6: warning: incompatible redeclaration of library function 'memset' [-Wincompatible-library-redeclaration]
char memset ();
     ^
conftest.c:48:6: note: 'memset' is a builtin with type 'void *(void *, int, unsigned long)'
1 warning generated.
configure:4362: $? = 0
configure:4362: result: yes
configure:4362: checking for socket
configure:4362: gcc -o conftest -g -O2   conftest.c  >&5
configure:4362: $? = 0
configure:4362: result: yes
configure:4379: checking for native win32 threads
configure:4389: result: no
configure:4397: checking for pthread_create in -lpthread
configure:4422: gcc -o conftest -g -O2   conftest.c -lpthread   >&5
conftest.c:34:6: warning: declaration of built-in function 'pthread_create' requires inclusion of the header <pthread.h> [-Wbuiltin-requires-header]
char pthread_create ();
     ^
1 warning generated.
configure:4422: $? = 0
configure:4431: result: yes
configure:4799: checking pthread.h usability
configure:4799: gcc -c -g -O2   -D_THREAD_SAFE -D_REENTRANT -DPOSIX_THREADS conftest.c >&5
configure:4799: $? = 0
configure:4799: result: yes
configure:4799: checking pthread.h presence
configure:4799: gcc -E   -D_THREAD_SAFE -D_REENTRANT -DPOSIX_THREADS conftest.c
configure:4799: $? = 0
configure:4799: result: yes
configure:4799: checking for pthread.h
configure:4799: result: yes
configure:4808: checking pthread/mit/pthread.h usability
configure:4808: gcc -c -g -O2   -D_THREAD_SAFE -D_REENTRANT -DPOSIX_THREADS conftest.c >&5
conftest.c:61:10: fatal error: 'pthread/mit/pthread.h' file not found
#include <pthread/mit/pthread.h>
         ^~~~~~~~~~~~~~~~~~~~~~~
1 error generated.
configure:4808: $? = 1
configure: failed program was:
| /* confdefs.h */
| #define PACKAGE_NAME ""
| #define PACKAGE_TARNAME ""
| #define PACKAGE_VERSION ""
| #define PACKAGE_STRING ""
| #define PACKAGE_BUGREPORT ""
| #define PACKAGE_URL ""
| #define STDC_HEADERS 1
| #define HAVE_SYS_TYPES_H 1
| #define HAVE_SYS_STAT_H 1
| #define HAVE_STDLIB_H 1
| #define HAVE_STRING_H 1
| #define HAVE_MEMORY_H 1
| #define HAVE_STRINGS_H 1
| #define HAVE_INTTYPES_H 1
| #define HAVE_STDINT_H 1
| #define HAVE_UNISTD_H 1
| #define HAVE_FCNTL_H 1
| #define HAVE_NETDB_H 1
| #define HAVE_STDLIB_H 1
| #define HAVE_STRING_H 1
| #define HAVE_SYS_SOCKET_H 1
| #define HAVE_STRUCT_SOCKADDR_IN6_SIN6_ADDR 1
| #define HAVE_MEMSET 1
| #define HAVE_SOCKET 1
| #define HAVE_PTHREAD_H 1
| /* end confdefs.h.  */
| #include <stdio.h>
| #ifdef HAVE_SYS_TYPES_H
| # include <sys/types.h>
| #endif
| #ifdef HAVE_SYS_STAT_H
| # include <sys/stat.h>
| #endif
| #ifdef STDC_HEADERS
| # include <stdlib.h>
| # include <stddef.h>
| #else
| # ifdef HAVE_STDLIB_H
| #  include <stdlib.h>
| # endif
| #endif
| #ifdef HAVE_STRING_H
| # if !defined STDC_HEADERS && defined HAVE_MEMORY_H
| #  include <memory.h>
| # endif
| # include <string.h>
| #endif
| #ifdef HAVE_STRINGS_H
| # include <strings.h>
| #endif
| #ifdef HAVE_INTTYPES_H
| # include <inttypes.h>
| #endif
| #ifdef HAVE_STDINT_H
| # include <stdint.h>
| #endif
| #ifdef HAVE_UNISTD_H
| # include <unistd.h>
| #endif
| #include <pthread/mit/pthread.h>
configure:4808: result: no
configure:4808: checking pthread/mit/pthread.h presence
configure:4808: gcc -E   -D_THREAD_SAFE -D_REENTRANT -DPOSIX_THREADS conftest.c
conftest.c:28:10: fatal error: 'pthread/mit/pthread.h' file not found
#include <pthread/mit/pthread.h>
         ^~~~~~~~~~~~~~~~~~~~~~~
1 error generated.
configure:4808: $? = 1
configure: failed program was:
| /* confdefs.h */
| #define PACKAGE_NAME ""
| #define PACKAGE_TARNAME ""
| #define PACKAGE_VERSION ""
| #define PACKAGE_STRING ""
| #define PACKAGE_BUGREPORT ""
| #define PACKAGE_URL ""
| #define STDC_HEADERS 1
| #define HAVE_SYS_TYPES_H 1
| #define HAVE_SYS_STAT_H 1
| #define HAVE_STDLIB_H 1
| #define HAVE_STRING_H 1
| #define HAVE_MEMORY_H 1
| #define HAVE_STRINGS_H 1
| #define HAVE_INTTYPES_H 1
| #define HAVE_STDINT_H 1
| #define HAVE_UNISTD_H 1
| #define HAVE_FCNTL_H 1
| #define HAVE_NETDB_H 1
| #define HAVE_STDLIB_H 1
| #define HAVE_STRING_H 1
| #define HAVE_SYS_SOCKET_H 1
| #define HAVE_STRUCT_SOCKADDR_IN6_SIN6_ADDR 1
| #define HAVE_MEMSET 1
| #define HAVE_SOCKET 1
| #define HAVE_PTHREAD_H 1
| /* end confdefs.h.  */
| #include <pthread/mit/pthread.h>
configure:4808: result: no
configure:4808: checking for pthread/mit/pthread.h
configure:4808: result: no
configure:4840: checking for SQLAllocHandle in -liodbc
configure:4865: gcc -o conftest -g -O2   conftest.c -liodbc   >&5
configure:4865: $? = 0
configure:4874: result: yes
configure:5128: WARNING: "ODBC library - header check failed"
configure:5145: checking if we can add -Werror=return-type to CFLAGS (via CFLAGS)
configure:5160: gcc -c -Werror=return-type -g -O2  conftest.c >&5
configure:5160: $? = 0
configure:5168: result: yes
configure:5346: creating ./config.status

## ---------------------- ##
## Running config.status. ##
## ---------------------- ##

This file was extended by config.status, which was
generated by GNU Autoconf 2.69.  Invocation command line was

  CONFIG_FILES    = 
  CONFIG_HEADERS  = 
  CONFIG_LINKS    = 
  CONFIG_COMMANDS = 
  $ ./config.status 

on Johns-Mac-mini.mynapse.lan

config.status:747: creating c_src/x86_64-apple-darwin19.4.0/Makefile

## ---------------- ##
## Cache variables. ##
## ---------------- ##

ac_cv_build=x86_64-apple-darwin19.4.0
ac_cv_c_compiler_gnu=yes
ac_cv_c_const=yes
ac_cv_env_CC_set=
ac_cv_env_CC_value=
ac_cv_env_CFLAGS_set=
ac_cv_env_CFLAGS_value=
ac_cv_env_CPPFLAGS_set=
ac_cv_env_CPPFLAGS_value=
ac_cv_env_CPP_set=
ac_cv_env_CPP_value=
ac_cv_env_LDFLAGS_set=
ac_cv_env_LDFLAGS_value=
ac_cv_env_LIBS_set=
ac_cv_env_LIBS_value=
ac_cv_env_build_alias_set=
ac_cv_env_build_alias_value=
ac_cv_env_host_alias_set=
ac_cv_env_host_alias_value=
ac_cv_env_target_alias_set=
ac_cv_env_target_alias_value=
ac_cv_func_connect=yes
ac_cv_func_gethostbyname=yes
ac_cv_func_memset=yes
ac_cv_func_socket=yes
ac_cv_header_fcntl_h=yes
ac_cv_header_inttypes_h=yes
ac_cv_header_memory_h=yes
ac_cv_header_netdb_h=yes
ac_cv_header_pthread_h=yes
ac_cv_header_pthread_mit_pthread_h=no
ac_cv_header_sql_h=no
ac_cv_header_sqlext_h=no
ac_cv_header_stdc=yes
ac_cv_header_stdint_h=yes
ac_cv_header_stdlib_h=yes
ac_cv_header_string_h=yes
ac_cv_header_strings_h=yes
ac_cv_header_sys_socket_h=yes
ac_cv_header_sys_stat_h=yes
ac_cv_header_sys_types_h=yes
ac_cv_header_unistd_h=yes
ac_cv_header_windows_h=no
ac_cv_header_winsock2_h=no
ac_cv_host=x86_64-apple-darwin19.4.0
ac_cv_lib_iodbc_SQLAllocHandle=yes
ac_cv_lib_pthread_pthread_create=yes
ac_cv_member_struct_sockaddr_in6_sin6_addr=yes
ac_cv_objext=o
ac_cv_path_EGREP='/usr/bin/grep -E'
ac_cv_path_GREP=/usr/bin/grep
ac_cv_path_RM=/bin/rm
ac_cv_prog_CPP='gcc -E'
ac_cv_prog_ac_ct_CC=gcc
ac_cv_prog_ac_ct_LD=ld
ac_cv_prog_cc_c89=
ac_cv_prog_cc_g=yes
ac_cv_prog_make_make_set=yes
ac_cv_type_size_t=yes

## ----------------- ##
## Output variables. ##
## ----------------- ##

CC='gcc'
CFLAGS='-Werror=return-type -g -O2'
CPP='gcc -E'
CPPFLAGS=''
DEFS='-DPACKAGE_NAME=\"\" -DPACKAGE_TARNAME=\"\" -DPACKAGE_VERSION=\"\" -DPACKAGE_STRING=\"\" -DPACKAGE_BUGREPORT=\"\" -DPACKAGE_URL=\"\" -DSTDC_HEADERS=1 -DHAVE_SYS_TYPES_H=1 -DHAVE_SYS_STAT_H=1 -DHAVE_STDLIB_H=1 -DHAVE_STRING_H=1 -DHAVE_MEMORY_H=1 -DHAVE_STRINGS_H=1 -DHAVE_INTTYPES_H=1 -DHAVE_STDINT_H=1 -DHAVE_UNISTD_H=1 -DHAVE_FCNTL_H=1 -DHAVE_NETDB_H=1 -DHAVE_STDLIB_H=1 -DHAVE_STRING_H=1 -DHAVE_SYS_SOCKET_H=1 -DHAVE_STRUCT_SOCKADDR_IN6_SIN6_ADDR=1 -DHAVE_MEMSET=1 -DHAVE_SOCKET=1 -DHAVE_PTHREAD_H=1'
ECHO_C='\c'
ECHO_N=''
ECHO_T=''
EGREP='/usr/bin/grep -E'
EXEEXT=''
GETCONF=''
GREP='/usr/bin/grep'
LD='ld'
LDFLAGS=''
LIBOBJS=''
LIBS=''
LTLIBOBJS=''
MIXED_CYGWIN='no'
MIXED_CYGWIN_MINGW='no'
MIXED_CYGWIN_VC='no'
MIXED_MSYS='no'
MIXED_MSYS_VC='no'
MIXED_VC='no'
OBJEXT='o'
ODBC_INCLUDE='-I/usr/local/include'
ODBC_LIB=' -lodbc'
PACKAGE_BUGREPORT=''
PACKAGE_NAME=''
PACKAGE_STRING=''
PACKAGE_TARNAME=''
PACKAGE_URL=''
PACKAGE_VERSION=''
PATH_SEPARATOR=':'
RM='/bin/rm'
SET_MAKE=''
SHELL='/bin/sh'
TARGET_FLAGS='-DUNIX'
THR_DEFS=' -D_THREAD_SAFE -D_REENTRANT -DPOSIX_THREADS'
THR_LIBS='-lpthread'
ac_ct_CC='gcc'
bindir='${exec_prefix}/bin'
build='x86_64-apple-darwin19.4.0'
build_alias=''
build_cpu='x86_64'
build_os='darwin19.4.0'
build_vendor='apple'
datadir='${datarootdir}'
datarootdir='${prefix}/share'
docdir='${datarootdir}/doc/${PACKAGE}'
dvidir='${docdir}'
exec_prefix='${prefix}'
host='x86_64-apple-darwin19.4.0'
host_alias=''
host_cpu='x86_64'
host_os='darwin19.4.0'
host_vendor='apple'
htmldir='${docdir}'
includedir='${prefix}/include'
infodir='${datarootdir}/info'
libdir='${exec_prefix}/lib'
libexecdir='${exec_prefix}/libexec'
localedir='${datarootdir}/locale'
localstatedir='${prefix}/var'
mandir='${datarootdir}/man'
oldincludedir='/usr/include'
pdfdir='${docdir}'
prefix='/usr/local'
program_transform_name='s,x,x,'
psdir='${docdir}'
sbindir='${exec_prefix}/sbin'
sharedstatedir='${prefix}/com'
sysconfdir='${prefix}/etc'
target_alias=''

## ----------- ##
## confdefs.h. ##
## ----------- ##

/* confdefs.h */
#define PACKAGE_NAME ""
#define PACKAGE_TARNAME ""
#define PACKAGE_VERSION ""
#define PACKAGE_STRING ""
#define PACKAGE_BUGREPORT ""
#define PACKAGE_URL ""
#define STDC_HEADERS 1
#define HAVE_SYS_TYPES_H 1
#define HAVE_SYS_STAT_H 1
#define HAVE_STDLIB_H 1
#define HAVE_STRING_H 1
#define HAVE_MEMORY_H 1
#define HAVE_STRINGS_H 1
#define HAVE_INTTYPES_H 1
#define HAVE_STDINT_H 1
#define HAVE_UNISTD_H 1
#define HAVE_FCNTL_H 1
#define HAVE_NETDB_H 1
#define HAVE_STDLIB_H 1
#define HAVE_STRING_H 1
#define HAVE_SYS_SOCKET_H 1
#define HAVE_STRUCT_SOCKADDR_IN6_SIN6_ADDR 1
#define HAVE_MEMSET 1
#define HAVE_SOCKET 1
#define HAVE_PTHREAD_H 1

configure: exit 0
